Using pre-set license
Built from '2021.3/staging' branch; Version is '2021.3.19f1 (c9714fde33b6) revision 13201743'; Using compiler version '192829333'; Build Type 'Release'
OS: 'Windows 11  (10.0.22621) 64bit Professional' Language: 'en' Physical Memory: 32458 MB
BatchMode: 1, IsHumanControllingUs: 0, StartBugReporterOnCrash: 0, Is64bit: 1, IsPro: 1

COMMAND LINE ARGUMENTS:
C:\Program Files\Unity\Hub\Editor\2021.3.19f1\Editor\Unity.exe
-adb2
-batchMode
-noUpm
-name
AssetImportWorker2
-projectPath
C:/Users/Tson/Documents/Github_Group/Group4_Team_VR_Project/Group4_Team_VR_Project
-logFile
Logs/AssetImportWorker2.log
-srvPort
59566
Successfully changed project path to: C:/Users/Tson/Documents/Github_Group/Group4_Team_VR_Project/Group4_Team_VR_Project
C:/Users/Tson/Documents/Github_Group/Group4_Team_VR_Project/Group4_Team_VR_Project
[UnityMemory] Configuration Parameters - Can be set up in boot.config
    "memorysetup-bucket-allocator-granularity=16"
    "memorysetup-bucket-allocator-bucket-count=8"
    "memorysetup-bucket-allocator-block-size=33554432"
    "memorysetup-bucket-allocator-block-count=8"
    "memorysetup-main-allocator-block-size=16777216"
    "memorysetup-thread-allocator-block-size=16777216"
    "memorysetup-gfx-main-allocator-block-size=16777216"
    "memorysetup-gfx-thread-allocator-block-size=16777216"
    "memorysetup-cache-allocator-block-size=4194304"
    "memorysetup-typetree-allocator-block-size=2097152"
    "memorysetup-profiler-bucket-allocator-granularity=16"
    "memorysetup-profiler-bucket-allocator-bucket-count=8"
    "memorysetup-profiler-bucket-allocator-block-size=33554432"
    "memorysetup-profiler-bucket-allocator-block-count=8"
    "memorysetup-profiler-allocator-block-size=16777216"
    "memorysetup-profiler-editor-allocator-block-size=1048576"
    "memorysetup-temp-allocator-size-main=16777216"
    "memorysetup-job-temp-allocator-block-size=2097152"
    "memorysetup-job-temp-allocator-block-size-background=1048576"
    "memorysetup-job-temp-allocator-reduction-small-platforms=262144"
    "memorysetup-temp-allocator-size-background-worker=32768"
    "memorysetup-temp-allocator-size-job-worker=262144"
    "memorysetup-temp-allocator-size-preload-manager=33554432"
    "memorysetup-temp-allocator-size-nav-mesh-worker=65536"
    "memorysetup-temp-allocator-size-audio-worker=65536"
    "memorysetup-temp-allocator-size-cloud-worker=32768"
    "memorysetup-temp-allocator-size-gi-baking-worker=262144"
    "memorysetup-temp-allocator-size-gfx=262144"
Player connection [25668] Host "[IP] 10.12.42.225 [Port] 0 [Flags] 2 [Guid] 3129332140 [EditorId] 3129332140 [Version] 1048832 [Id] WindowsEditor(7,LAPTOP-K2NABBRS) [Debug] 1 [PackageName] WindowsEditor [ProjectName] Editor" joined multi-casting on [225.0.0.222:54997]...

Player connection [25668] Host "[IP] 10.12.42.225 [Port] 0 [Flags] 2 [Guid] 3129332140 [EditorId] 3129332140 [Version] 1048832 [Id] WindowsEditor(7,LAPTOP-K2NABBRS) [Debug] 1 [PackageName] WindowsEditor [ProjectName] Editor" joined alternative multi-casting on [225.0.0.222:34997]...

Refreshing native plugins compatible for Editor in 87.71 ms, found 14 plugins.
Preloading 1 native plugins for Editor in 0.46 ms.
Initialize engine version: 2021.3.19f1 (c9714fde33b6)
[Subsystems] Discovering subsystems at path C:/Program Files/Unity/Hub/Editor/2021.3.19f1/Editor/Data/Resources/UnitySubsystems
[Subsystems] Discovering subsystems at path C:/Users/Tson/Documents/Github_Group/Group4_Team_VR_Project/Group4_Team_VR_Project/Assets
[Subsystems] No descriptors matched for  examples in Assets/MeshingFeaturePlugin/UnitySubsystemsManifest.json.
[Subsystems] No descriptors matched for  inputs in Assets/MeshingFeaturePlugin/UnitySubsystemsManifest.json.
[Subsystems] No descriptors matched for  displays in Assets/MeshingFeaturePlugin/UnitySubsystemsManifest.json.
[Subsystems] 1 'meshings' descriptors matched in Assets/MeshingFeaturePlugin/UnitySubsystemsManifest.json
GfxDevice: creating device client; threaded=0; jobified=0
Direct3D:
    Version:  Direct3D 11.0 [level 11.1]
    Renderer: NVIDIA GeForce RTX 3070 Ti Laptop GPU (ID=0x24a0)
    Vendor:   NVIDIA
    VRAM:     8032 MB
    Driver:   31.0.15.2849
Initialize mono
Mono path[0] = 'C:/Program Files/Unity/Hub/Editor/2021.3.19f1/Editor/Data/Managed'
Mono path[1] = 'C:/Program Files/Unity/Hub/Editor/2021.3.19f1/Editor/Data/MonoBleedingEdge/lib/mono/unityjit-win32'
Mono config path = 'C:/Program Files/Unity/Hub/Editor/2021.3.19f1/Editor/Data/MonoBleedingEdge/etc'
Using monoOptions --debugger-agent=transport=dt_socket,embedding=1,server=y,suspend=n,address=127.0.0.1:56496
Begin MonoManager ReloadAssembly
Registering precompiled unity dll's ...
Register platform support module: C:/Program Files/Unity/Hub/Editor/2021.3.19f1/Editor/Data/PlaybackEngines/AndroidPlayer/UnityEditor.Android.Extensions.dll
Register platform support module: C:/Program Files/Unity/Hub/Editor/2021.3.19f1/Editor/Data/PlaybackEngines/WindowsStandaloneSupport/UnityEditor.WindowsStandalone.Extensions.dll
Registered in 0.003161 seconds.
Native extension for WindowsStandalone target not found
Native extension for Android target not found
Android Extension - Scanning For ADB Devices 144 ms
Refreshing native plugins compatible for Editor in 82.01 ms, found 14 plugins.
Preloading 1 native plugins for Editor in 0.07 ms.
Mono: successfully reloaded assembly
- Completed reload, in  0.743 seconds
Domain Reload Profiling:
	ReloadAssembly (744ms)
		BeginReloadAssembly (52ms)
			ExecutionOrderSort (0ms)
			DisableScriptedObjects (0ms)
			BackupInstance (0ms)
			ReleaseScriptingObjects (0ms)
			CreateAndSetChildDomain (1ms)
		EndReloadAssembly (598ms)
			LoadAssemblies (51ms)
			RebuildTransferFunctionScriptingTraits (0ms)
			SetupTypeCache (101ms)
			ReleaseScriptCaches (0ms)
			RebuildScriptCaches (21ms)
			SetupLoadedEditorAssemblies (423ms)
				LogAssemblyErrors (0ms)
				InitializePlatformSupportModulesInManaged (211ms)
				SetLoadedEditorAssemblies (0ms)
				RefreshPlugins (82ms)
				BeforeProcessingInitializeOnLoad (1ms)
				ProcessInitializeOnLoadAttributes (91ms)
				ProcessInitializeOnLoadMethodAttributes (37ms)
				AfterProcessingInitializeOnLoad (0ms)
				EditorAssembliesLoaded (0ms)
			ExecutionOrderSort2 (0ms)
			AwakeInstancesAfterBackupRestoration (0ms)
Platform modules already initialized, skipping
Registering precompiled user dll's ...
Registered in 0.012513 seconds.
Begin MonoManager ReloadAssembly
Symbol file LoadedFromMemory doesn't match image C:\Users\Tson\Documents\Github_Group\Group4_Team_VR_Project\Group4_Team_VR_Project\Library\PackageCache\com.unity.visualscripting@1.8.0\Editor\VisualScripting.Core\Dependencies\DotNetZip\Unity.VisualScripting.IonicZip.dll
Symbol file LoadedFromMemory doesn't match image C:\Users\Tson\Documents\Github_Group\Group4_Team_VR_Project\Group4_Team_VR_Project\Library\PackageCache\com.unity.visualscripting@1.8.0\Editor\VisualScripting.Core\Dependencies\YamlDotNet\Unity.VisualScripting.YamlDotNet.dll
Native extension for WindowsStandalone target not found
Native extension for Android target not found
Refreshing native plugins compatible for Editor in 69.91 ms, found 14 plugins.
Preloading 1 native plugins for Editor in 0.06 ms.
Package Manager log level set to [2]
System.Reflection.TargetInvocationException: Exception has been thrown by the target of an invocation. ---> System.NullReferenceException: Object reference not set to an instance of an object
  at Unity.XR.Oculus.OculusLoader.AssetPathToAbsolutePath (System.String assetPath) [0x0003d] in C:\Users\Tson\Documents\Github_Group\Group4_Team_VR_Project\Group4_Team_VR_Project\Library\PackageCache\com.unity.xr.oculus@3.2.2\Runtime\OculusLoader.cs:296 
  at Unity.XR.Oculus.OculusLoader.EditorLoadOVRPlugin () [0x0007b] in C:\Users\Tson\Documents\Github_Group\Group4_Team_VR_Project\Group4_Team_VR_Project\Library\PackageCache\com.unity.xr.oculus@3.2.2\Runtime\OculusLoader.cs:281 
  at (wrapper managed-to-native) System.Reflection.RuntimeMethodInfo.InternalInvoke(System.Reflection.RuntimeMethodInfo,object,object[],System.Exception&)
  at System.Reflection.RuntimeMethodInfo.Invoke (System.Object obj, System.Reflection.BindingFlags invokeAttr, System.Reflection.Binder binder, System.Object[] parameters, System.Globalization.CultureInfo culture) [0x0006a] in <03bd9b261dff4c2b8b568aca27f561b2>:0 
   --- End of inner exception stack trace ---
  at System.Reflection.RuntimeMethodInfo.Invoke (System.Object obj, System.Reflection.BindingFlags invokeAttr, System.Reflection.Binder binder, System.Object[] parameters, System.Globalization.CultureInfo culture) [0x00083] in <03bd9b261dff4c2b8b568aca27f561b2>:0 
  at System.Reflection.MethodBase.Invoke (System.Object obj, System.Object[] parameters) [0x00000] in <03bd9b261dff4c2b8b568aca27f561b2>:0 
  at UnityEditor.EditorAssemblies.ProcessInitializeOnLoadMethodAttributes () [0x000a5] in <7fef092428a04dc89d2aa6ad3ce5d856>:0 
UnityEngine.StackTraceUtility:ExtractStackTrace ()
UnityEngine.DebugLogHandler:LogFormat (UnityEngine.LogType,UnityEngine.Object,string,object[])
UnityEngine.Logger:Log (UnityEngine.LogType,object)
UnityEngine.Debug:LogError (object)
UnityEditor.EditorAssemblies:ProcessInitializeOnLoadMethodAttributes ()

Mono: successfully reloaded assembly
- Completed reload, in  1.086 seconds
Domain Reload Profiling:
	ReloadAssembly (1087ms)
		BeginReloadAssembly (95ms)
			ExecutionOrderSort (0ms)
			DisableScriptedObjects (4ms)
			BackupInstance (0ms)
			ReleaseScriptingObjects (0ms)
			CreateAndSetChildDomain (24ms)
		EndReloadAssembly (888ms)
			LoadAssemblies (76ms)
			RebuildTransferFunctionScriptingTraits (0ms)
			SetupTypeCache (258ms)
			ReleaseScriptCaches (1ms)
			RebuildScriptCaches (71ms)
			SetupLoadedEditorAssemblies (415ms)
				LogAssemblyErrors (0ms)
				InitializePlatformSupportModulesInManaged (13ms)
				SetLoadedEditorAssemblies (0ms)
				RefreshPlugins (70ms)
				BeforeProcessingInitializeOnLoad (64ms)
				ProcessInitializeOnLoadAttributes (240ms)
				ProcessInitializeOnLoadMethodAttributes (24ms)
				AfterProcessingInitializeOnLoad (3ms)
				EditorAssembliesLoaded (0ms)
			ExecutionOrderSort2 (0ms)
			AwakeInstancesAfterBackupRestoration (4ms)
Platform modules already initialized, skipping
========================================================================
Worker process is ready to serve import requests
Launched and connected shader compiler UnityShaderCompiler.exe after 0.03 seconds
Refreshing native plugins compatible for Editor in 0.87 ms, found 14 plugins.
Preloading 1 native plugins for Editor in 0.07 ms.
Unloading 4170 Unused Serialized files (Serialized files now loaded: 0)
Unloading 55 unused Assets / (56.0 KB). Loaded Objects now: 4611.
Memory consumption went from 148.2 MB to 148.1 MB.
Total: 4.773400 ms (FindLiveObjects: 0.267800 ms CreateObjectMapping: 0.147800 ms MarkObjects: 4.180100 ms  DeleteObjects: 0.175200 ms)

AssetImportParameters requested are different than current active one (requested -> active):
  custom:video-decoder-ogg-theora: a1e56fd34408186e4bbccfd4996cb3dc -> 
  custom:container-muxer-webm: aa71ff27fc2769a1b78a27578f13a17b -> 
  custom:container-demuxer-webm: 4f35f7cbe854078d1ac9338744f61a02 -> 
  custom:video-encoder-webm-vp8: eb34c28f22e8b96e1ab97ce403110664 -> 
  custom:video-codec-MediaFoundation-h265: 746d11721c4dcdbdad8f713fa42b33f4 -> 
  custom:audio-encoder-webm-vorbis: bf7c407c2cedff20999df2af8eb42d56 -> 
  custom:framework-win-MediaFoundation: 216162199b28c13a410421893ffa2e32 -> 
  custom:container-demuxer-ogg: 62fdf1f143b41e24485cea50d1cbac27 -> 
  custom:video-decoder-webm-vp8: 9c59270c3fd7afecdb556c50c9e8de78 -> 
  custom:audio-decoder-ogg-vorbis: bf7c407c2cedff20999df2af8eb42d56 -> 
========================================================================
Received Import Request.
  Time since last request: 583463.959109 seconds.
  path: Assets/Scenes/LoTszHei.unity
  artifactKey: Guid(f90aa781a40d2fb46b4321c529c0001d) Importer(815301076,1909f56bfc062723c751e8b465ee728b)
Start importing Assets/Scenes/LoTszHei.unity using Guid(f90aa781a40d2fb46b4321c529c0001d) Importer(815301076,1909f56bfc062723c751e8b465ee728b)  -> (artifact id: 'b26a0e1481956f9facf0f68e8f910eff') in 0.012565 seconds 
========================================================================
Received Prepare
Registering precompiled user dll's ...
Registered in 0.006422 seconds.
Begin MonoManager ReloadAssembly
Symbol file LoadedFromMemory doesn't match image C:\Users\Tson\Documents\Github_Group\Group4_Team_VR_Project\Group4_Team_VR_Project\Library\PackageCache\com.unity.visualscripting@1.8.0\Editor\VisualScripting.Core\Dependencies\DotNetZip\Unity.VisualScripting.IonicZip.dll
Symbol file LoadedFromMemory doesn't match image C:\Users\Tson\Documents\Github_Group\Group4_Team_VR_Project\Group4_Team_VR_Project\Library\PackageCache\com.unity.visualscripting@1.8.0\Editor\VisualScripting.Core\Dependencies\YamlDotNet\Unity.VisualScripting.YamlDotNet.dll
Native extension for WindowsStandalone target not found
Native extension for Android target not found
Refreshing native plugins compatible for Editor in 0.89 ms, found 14 plugins.
Preloading 1 native plugins for Editor in 0.09 ms.
System.Reflection.TargetInvocationException: Exception has been thrown by the target of an invocation. ---> System.NullReferenceException: Object reference not set to an instance of an object
  at Unity.XR.Oculus.OculusLoader.AssetPathToAbsolutePath (System.String assetPath) [0x0003d] in C:\Users\Tson\Documents\Github_Group\Group4_Team_VR_Project\Group4_Team_VR_Project\Library\PackageCache\com.unity.xr.oculus@3.2.2\Runtime\OculusLoader.cs:296 
  at Unity.XR.Oculus.OculusLoader.EditorLoadOVRPlugin () [0x0007b] in C:\Users\Tson\Documents\Github_Group\Group4_Team_VR_Project\Group4_Team_VR_Project\Library\PackageCache\com.unity.xr.oculus@3.2.2\Runtime\OculusLoader.cs:281 
  at (wrapper managed-to-native) System.Reflection.RuntimeMethodInfo.InternalInvoke(System.Reflection.RuntimeMethodInfo,object,object[],System.Exception&)
  at System.Reflection.RuntimeMethodInfo.Invoke (System.Object obj, System.Reflection.BindingFlags invokeAttr, System.Reflection.Binder binder, System.Object[] parameters, System.Globalization.CultureInfo culture) [0x0006a] in <03bd9b261dff4c2b8b568aca27f561b2>:0 
   --- End of inner exception stack trace ---
  at System.Reflection.RuntimeMethodInfo.Invoke (System.Object obj, System.Reflection.BindingFlags invokeAttr, System.Reflection.Binder binder, System.Object[] parameters, System.Globalization.CultureInfo culture) [0x00083] in <03bd9b261dff4c2b8b568aca27f561b2>:0 
  at System.Reflection.MethodBase.Invoke (System.Object obj, System.Object[] parameters) [0x00000] in <03bd9b261dff4c2b8b568aca27f561b2>:0 
  at UnityEditor.EditorAssemblies.ProcessInitializeOnLoadMethodAttributes () [0x000a5] in <7fef092428a04dc89d2aa6ad3ce5d856>:0 
UnityEngine.StackTraceUtility:ExtractStackTrace ()
UnityEngine.DebugLogHandler:LogFormat (UnityEngine.LogType,UnityEngine.Object,string,object[])
UnityEngine.Logger:Log (UnityEngine.LogType,object)
UnityEngine.Debug:LogError (object)
UnityEditor.EditorAssemblies:ProcessInitializeOnLoadMethodAttributes ()

Mono: successfully reloaded assembly
- Completed reload, in  0.988 seconds
Domain Reload Profiling:
	ReloadAssembly (989ms)
		BeginReloadAssembly (122ms)
			ExecutionOrderSort (0ms)
			DisableScriptedObjects (4ms)
			BackupInstance (0ms)
			ReleaseScriptingObjects (0ms)
			CreateAndSetChildDomain (46ms)
		EndReloadAssembly (769ms)
			LoadAssemblies (81ms)
			RebuildTransferFunctionScriptingTraits (0ms)
			SetupTypeCache (258ms)
			ReleaseScriptCaches (2ms)
			RebuildScriptCaches (38ms)
			SetupLoadedEditorAssemblies (324ms)
				LogAssemblyErrors (0ms)
				InitializePlatformSupportModulesInManaged (19ms)
				SetLoadedEditorAssemblies (0ms)
				RefreshPlugins (1ms)
				BeforeProcessingInitializeOnLoad (51ms)
				ProcessInitializeOnLoadAttributes (215ms)
				ProcessInitializeOnLoadMethodAttributes (33ms)
				AfterProcessingInitializeOnLoad (3ms)
				EditorAssembliesLoaded (0ms)
			ExecutionOrderSort2 (0ms)
			AwakeInstancesAfterBackupRestoration (5ms)
Platform modules already initialized, skipping
Refreshing native plugins compatible for Editor in 9.40 ms, found 14 plugins.
Preloading 1 native plugins for Editor in 0.08 ms.
Unloading 4140 Unused Serialized files (Serialized files now loaded: 0)
Unloading 45 unused Assets / (24.6 KB). Loaded Objects now: 4615.
Memory consumption went from 146.9 MB to 146.9 MB.
Total: 3.322200 ms (FindLiveObjects: 0.295400 ms CreateObjectMapping: 0.150000 ms MarkObjects: 2.843500 ms  DeleteObjects: 0.032100 ms)

AssetImportParameters requested are different than current active one (requested -> active):
  custom:video-decoder-ogg-theora: a1e56fd34408186e4bbccfd4996cb3dc -> 
  custom:container-muxer-webm: aa71ff27fc2769a1b78a27578f13a17b -> 
  custom:container-demuxer-webm: 4f35f7cbe854078d1ac9338744f61a02 -> 
  custom:video-encoder-webm-vp8: eb34c28f22e8b96e1ab97ce403110664 -> 
  custom:video-codec-MediaFoundation-h265: 746d11721c4dcdbdad8f713fa42b33f4 -> 
  custom:audio-encoder-webm-vorbis: bf7c407c2cedff20999df2af8eb42d56 -> 
  custom:framework-win-MediaFoundation: 216162199b28c13a410421893ffa2e32 -> 
  custom:container-demuxer-ogg: 62fdf1f143b41e24485cea50d1cbac27 -> 
  custom:video-decoder-webm-vp8: 9c59270c3fd7afecdb556c50c9e8de78 -> 
  custom:audio-decoder-ogg-vorbis: bf7c407c2cedff20999df2af8eb42d56 -> 
========================================================================
Received Import Request.
  Time since last request: 48.141147 seconds.
  path: Assets/XR/XRGeneralSettings.asset
  artifactKey: Guid(1a4c68ca72a83449f938d669337cb305) Importer(815301076,1909f56bfc062723c751e8b465ee728b)
Start importing Assets/XR/XRGeneralSettings.asset using Guid(1a4c68ca72a83449f938d669337cb305) Importer(815301076,1909f56bfc062723c751e8b465ee728b)  -> (artifact id: '69950fa6939e48c9f75b7b20dc497f29') in 0.034125 seconds 
========================================================================
Received Import Request.
  Time since last request: 5.560173 seconds.
  path: Assets/XR/Settings/Oculus Settings.asset
  artifactKey: Guid(bfa1182bd221b4ca89619141f66f1260) Importer(815301076,1909f56bfc062723c751e8b465ee728b)
Start importing Assets/XR/Settings/Oculus Settings.asset using Guid(bfa1182bd221b4ca89619141f66f1260) Importer(815301076,1909f56bfc062723c751e8b465ee728b)  -> (artifact id: 'c279f9aaa0fbc7c7fcc0bfe20c96f005') in 0.006305 seconds 
========================================================================
Received Import Request.
  Time since last request: 1.555560 seconds.
  path: Assets/XRI/Settings/XRInteractionEditorSettings.asset
  artifactKey: Guid(a58695780ae9f48468fb1107572ebf56) Importer(815301076,1909f56bfc062723c751e8b465ee728b)
Start importing Assets/XRI/Settings/XRInteractionEditorSettings.asset using Guid(a58695780ae9f48468fb1107572ebf56) Importer(815301076,1909f56bfc062723c751e8b465ee728b)  -> (artifact id: 'e26439f3d6a6aa2d8e84851d1510652a') in 0.006078 seconds 
========================================================================
Received Import Request.
  Time since last request: 0.672323 seconds.
  path: Assets/XRI/Settings/Resources
  artifactKey: Guid(d454c22d786cf664dbe85ccf6bb1951d) Importer(815301076,1909f56bfc062723c751e8b465ee728b)
Start importing Assets/XRI/Settings/Resources using Guid(d454c22d786cf664dbe85ccf6bb1951d) Importer(815301076,1909f56bfc062723c751e8b465ee728b)  -> (artifact id: 'd6defc07396619de144566d9946f0697') in 0.006702 seconds 
========================================================================
Received Import Request.
  Time since last request: 0.050229 seconds.
  path: Assets/XRI/Settings/Resources/InteractionLayerSettings.asset
  artifactKey: Guid(a6be72b0a3d83114780220d96b730e9e) Importer(815301076,1909f56bfc062723c751e8b465ee728b)
Start importing Assets/XRI/Settings/Resources/InteractionLayerSettings.asset using Guid(a6be72b0a3d83114780220d96b730e9e) Importer(815301076,1909f56bfc062723c751e8b465ee728b)  -> (artifact id: '3cc716c896ba93b9e55f20a3d889b41d') in 0.012016 seconds 
========================================================================
Received Import Request.
  Time since last request: 5.233060 seconds.
  path: Assets/Samples/OpenXR Plugin
  artifactKey: Guid(ed1c385a5dd2b0842babf2298c70363e) Importer(815301076,1909f56bfc062723c751e8b465ee728b)
Start importing Assets/Samples/OpenXR Plugin using Guid(ed1c385a5dd2b0842babf2298c70363e) Importer(815301076,1909f56bfc062723c751e8b465ee728b)  -> (artifact id: '9b94c6216f18866cd7139042253ea842') in 0.007632 seconds 
========================================================================
Received Import Request.
  Time since last request: 0.557967 seconds.
  path: Assets/Samples/OpenXR Plugin/1.0.3
  artifactKey: Guid(ebce0c46dcdb3fb46b75b18d1ec6072d) Importer(815301076,1909f56bfc062723c751e8b465ee728b)
Start importing Assets/Samples/OpenXR Plugin/1.0.3 using Guid(ebce0c46dcdb3fb46b75b18d1ec6072d) Importer(815301076,1909f56bfc062723c751e8b465ee728b)  -> (artifact id: 'a0e3be3211fdeb803e7c25d14c7c8a0c') in 0.007382 seconds 
========================================================================
Received Import Request.
  Time since last request: 1.473656 seconds.
  path: Assets/Samples/XR Interaction Toolkit/2.2.0
  artifactKey: Guid(f0f7548bb898e7343b6e0e580b84e8f9) Importer(815301076,1909f56bfc062723c751e8b465ee728b)
Start importing Assets/Samples/XR Interaction Toolkit/2.2.0 using Guid(f0f7548bb898e7343b6e0e580b84e8f9) Importer(815301076,1909f56bfc062723c751e8b465ee728b)  -> (artifact id: '5ba21c31ece66abde2a2dea7f74440c4') in 0.006919 seconds 
========================================================================
Received Import Request.
  Time since last request: 0.403338 seconds.
  path: Assets/Samples/XR Interaction Toolkit/2.2.0/Starter Assets
  artifactKey: Guid(fee8c72bb9e0f9c4c8af4aee44e97e66) Importer(815301076,1909f56bfc062723c751e8b465ee728b)
Start importing Assets/Samples/XR Interaction Toolkit/2.2.0/Starter Assets using Guid(fee8c72bb9e0f9c4c8af4aee44e97e66) Importer(815301076,1909f56bfc062723c751e8b465ee728b)  -> (artifact id: '4b7142e3f03a7662be5078bcfa470fbd') in 0.006702 seconds 
========================================================================
Received Import Request.
  Time since last request: 0.448669 seconds.
  path: Assets/Samples/XR Interaction Toolkit/2.2.0/Starter Assets/Prefabs
  artifactKey: Guid(521088b307f635a4d98827bce7dceab7) Importer(815301076,1909f56bfc062723c751e8b465ee728b)
Start importing Assets/Samples/XR Interaction Toolkit/2.2.0/Starter Assets/Prefabs using Guid(521088b307f635a4d98827bce7dceab7) Importer(815301076,1909f56bfc062723c751e8b465ee728b)  -> (artifact id: '38b5eae81f8197f166fc601bf0282412') in 0.006458 seconds 
========================================================================
Received Import Request.
  Time since last request: 0.048033 seconds.
  path: Assets/Samples/XR Interaction Toolkit/2.2.0/Starter Assets/Prefabs/Complete XR Origin Set Up.prefab
  artifactKey: Guid(9a77ff2e03882ae46abba823d3c8c91b) Importer(815301076,1909f56bfc062723c751e8b465ee728b)
Start importing Assets/Samples/XR Interaction Toolkit/2.2.0/Starter Assets/Prefabs/Complete XR Origin Set Up.prefab using Guid(9a77ff2e03882ae46abba823d3c8c91b) Importer(815301076,1909f56bfc062723c751e8b465ee728b)  -> (artifact id: 'e32e6b9f18cacb0996c1e5dd5eea07d3') in 0.023309 seconds 
========================================================================
Received Prepare
Registering precompiled user dll's ...
Registered in 0.005693 seconds.
Begin MonoManager ReloadAssembly
Symbol file LoadedFromMemory doesn't match image C:\Users\Tson\Documents\Github_Group\Group4_Team_VR_Project\Group4_Team_VR_Project\Library\PackageCache\com.unity.visualscripting@1.8.0\Editor\VisualScripting.Core\Dependencies\DotNetZip\Unity.VisualScripting.IonicZip.dll
Symbol file LoadedFromMemory doesn't match image C:\Users\Tson\Documents\Github_Group\Group4_Team_VR_Project\Group4_Team_VR_Project\Library\PackageCache\com.unity.visualscripting@1.8.0\Editor\VisualScripting.Core\Dependencies\YamlDotNet\Unity.VisualScripting.YamlDotNet.dll
Native extension for WindowsStandalone target not found
Native extension for Android target not found
Refreshing native plugins compatible for Editor in 0.86 ms, found 14 plugins.
Preloading 1 native plugins for Editor in 0.09 ms.
System.Reflection.TargetInvocationException: Exception has been thrown by the target of an invocation. ---> System.NullReferenceException: Object reference not set to an instance of an object
  at Unity.XR.Oculus.OculusLoader.AssetPathToAbsolutePath (System.String assetPath) [0x0003d] in C:\Users\Tson\Documents\Github_Group\Group4_Team_VR_Project\Group4_Team_VR_Project\Library\PackageCache\com.unity.xr.oculus@3.2.2\Runtime\OculusLoader.cs:296 
  at Unity.XR.Oculus.OculusLoader.EditorLoadOVRPlugin () [0x0007b] in C:\Users\Tson\Documents\Github_Group\Group4_Team_VR_Project\Group4_Team_VR_Project\Library\PackageCache\com.unity.xr.oculus@3.2.2\Runtime\OculusLoader.cs:281 
  at (wrapper managed-to-native) System.Reflection.RuntimeMethodInfo.InternalInvoke(System.Reflection.RuntimeMethodInfo,object,object[],System.Exception&)
  at System.Reflection.RuntimeMethodInfo.Invoke (System.Object obj, System.Reflection.BindingFlags invokeAttr, System.Reflection.Binder binder, System.Object[] parameters, System.Globalization.CultureInfo culture) [0x0006a] in <03bd9b261dff4c2b8b568aca27f561b2>:0 
   --- End of inner exception stack trace ---
  at System.Reflection.RuntimeMethodInfo.Invoke (System.Object obj, System.Reflection.BindingFlags invokeAttr, System.Reflection.Binder binder, System.Object[] parameters, System.Globalization.CultureInfo culture) [0x00083] in <03bd9b261dff4c2b8b568aca27f561b2>:0 
  at System.Reflection.MethodBase.Invoke (System.Object obj, System.Object[] parameters) [0x00000] in <03bd9b261dff4c2b8b568aca27f561b2>:0 
  at UnityEditor.EditorAssemblies.ProcessInitializeOnLoadMethodAttributes () [0x000a5] in <7fef092428a04dc89d2aa6ad3ce5d856>:0 
UnityEngine.StackTraceUtility:ExtractStackTrace ()
UnityEngine.DebugLogHandler:LogFormat (UnityEngine.LogType,UnityEngine.Object,string,object[])
UnityEngine.Logger:Log (UnityEngine.LogType,object)
UnityEngine.Debug:LogError (object)
UnityEditor.EditorAssemblies:ProcessInitializeOnLoadMethodAttributes ()

Mono: successfully reloaded assembly
- Completed reload, in  0.944 seconds
Domain Reload Profiling:
	ReloadAssembly (945ms)
		BeginReloadAssembly (112ms)
			ExecutionOrderSort (0ms)
			DisableScriptedObjects (3ms)
			BackupInstance (0ms)
			ReleaseScriptingObjects (0ms)
			CreateAndSetChildDomain (34ms)
		EndReloadAssembly (746ms)
			LoadAssemblies (67ms)
			RebuildTransferFunctionScriptingTraits (0ms)
			SetupTypeCache (242ms)
			ReleaseScriptCaches (2ms)
			RebuildScriptCaches (39ms)
			SetupLoadedEditorAssemblies (326ms)
				LogAssemblyErrors (0ms)
				InitializePlatformSupportModulesInManaged (19ms)
				SetLoadedEditorAssemblies (0ms)
				RefreshPlugins (1ms)
				BeforeProcessingInitializeOnLoad (62ms)
				ProcessInitializeOnLoadAttributes (212ms)
				ProcessInitializeOnLoadMethodAttributes (27ms)
				AfterProcessingInitializeOnLoad (4ms)
				EditorAssembliesLoaded (0ms)
			ExecutionOrderSort2 (0ms)
			AwakeInstancesAfterBackupRestoration (8ms)
Platform modules already initialized, skipping
Refreshing native plugins compatible for Editor in 5.55 ms, found 14 plugins.
Preloading 1 native plugins for Editor in 0.06 ms.
Unloading 4140 Unused Serialized files (Serialized files now loaded: 0)
Unloading 45 unused Assets / (26.8 KB). Loaded Objects now: 4620.
Memory consumption went from 147.0 MB to 146.9 MB.
Total: 4.435400 ms (FindLiveObjects: 0.700000 ms CreateObjectMapping: 0.171300 ms MarkObjects: 3.487300 ms  DeleteObjects: 0.073900 ms)

AssetImportParameters requested are different than current active one (requested -> active):
  custom:video-decoder-ogg-theora: a1e56fd34408186e4bbccfd4996cb3dc -> 
  custom:container-muxer-webm: aa71ff27fc2769a1b78a27578f13a17b -> 
  custom:container-demuxer-webm: 4f35f7cbe854078d1ac9338744f61a02 -> 
  custom:video-encoder-webm-vp8: eb34c28f22e8b96e1ab97ce403110664 -> 
  custom:video-codec-MediaFoundation-h265: 746d11721c4dcdbdad8f713fa42b33f4 -> 
  custom:audio-encoder-webm-vorbis: bf7c407c2cedff20999df2af8eb42d56 -> 
  custom:framework-win-MediaFoundation: 216162199b28c13a410421893ffa2e32 -> 
  custom:container-demuxer-ogg: 62fdf1f143b41e24485cea50d1cbac27 -> 
  custom:video-decoder-webm-vp8: 9c59270c3fd7afecdb556c50c9e8de78 -> 
  custom:audio-decoder-ogg-vorbis: bf7c407c2cedff20999df2af8eb42d56 -> 
========================================================================
Received Import Request.
  Time since last request: 18.647732 seconds.
  path: Assets/Poly_Workshop Development Pack/Materials/NoZOverlay.mat
  artifactKey: Guid(474ab172e9b41094084d64d74c6a4008) Importer(815301076,1909f56bfc062723c751e8b465ee728b)
Start importing Assets/Poly_Workshop Development Pack/Materials/NoZOverlay.mat using Guid(474ab172e9b41094084d64d74c6a4008) Importer(815301076,1909f56bfc062723c751e8b465ee728b)  -> (artifact id: 'fc54b805748b3cc6376a5ef4c447bc9f') in 0.084495 seconds 
========================================================================
Received Import Request.
  Time since last request: 1.106699 seconds.
  path: Assets/Poly_Workshop Development Pack/DemoScene/Destroy Fake Zombie Sample.unity
  artifactKey: Guid(085c6cccf57735148a30e56978dcc25a) Importer(815301076,1909f56bfc062723c751e8b465ee728b)
Start importing Assets/Poly_Workshop Development Pack/DemoScene/Destroy Fake Zombie Sample.unity using Guid(085c6cccf57735148a30e56978dcc25a) Importer(815301076,1909f56bfc062723c751e8b465ee728b)  -> (artifact id: '84d28ff8888d3631f17a8231c35ce125') in 0.005888 seconds 
